<?xml version="1.0" encoding="UTF-8"?>
<testsuite xmlns:xsi="http://www.w3.org/2001/XMLSchema-instance" xsi:noNamespaceSchemaLocation="https://maven.apache.org/surefire/maven-surefire-plugin/xsd/surefire-test-report-3.0.xsd" version="3.0" name="Test1" time="6.686" tests="1" errors="0" skipped="0" failures="0">
  <properties>
[...]
</properties>
  <testcase name="get01 on get01(Test1)" classname="Test1" time="1.462">
    <system-out><![CDATA[{
    "firstname": "Mary",
    "lastname": "Smith",
    "totalprice": 152,
    "depositpaid": true,
    "bookingdates": {
        "checkin": "2019-02-24",
        "checkout": "2020-07-16"
    },
    "additionalneeds": "Breakfast"
}
]]></system-out>
  </testcase>
</testsuite>