<?xml version="1.0" encoding="UTF-8"?>
<testng-results ignored="0" total="1" passed="1" failed="0" skipped="0">
  <reporter-output>
  </reporter-output>
  <suite started-at="2022-02-25T07:59:29 EST" name="Surefire suite" finished-at="2022-02-25T07:59:31 EST" duration-ms="1529">
    <groups>
    </groups>
    <test started-at="2022-02-25T07:59:29 EST" name="Surefire test" finished-at="2022-02-25T07:59:31 EST" duration-ms="1529">
      <class name="Test1">
        <test-method signature="get01()" started-at="2022-02-25T07:59:29 EST" name="get01" finished-at="2022-02-25T07:59:31 EST" duration-ms="1461" status="PASS">
          <reporter-output>
          </reporter-output>
        </test-method> <!-- get01 -->
      </class> <!-- Test1 -->
    </test> <!-- Surefire test -->
  </suite> <!-- Surefire suite -->
</testng-results>
